[0.000000] (-) TimerEvent: {}
[0.000444] (bumpstop) JobQueued: {'identifier': 'bumpstop', 'dependencies': OrderedDict()}
[0.000557] (bumpstop) JobStarted: {'identifier': 'bumpstop'}
[0.041301] (bumpstop) JobProgress: {'identifier': 'bumpstop', 'progress': 'cmake'}
[0.041764] (bumpstop) Command: {'cmd': ['/usr/bin/cmake', '/home/carlos/introrob_ws/src/bumpstop', '-DAMENT_CMAKE_SYMLINK_INSTALL=1', '-DCMAKE_INSTALL_PREFIX=/home/carlos/introrob_ws/src/bumpstop/install/bumpstop'], 'cwd': '/home/carlos/introrob_ws/src/bumpstop/build/bumpstop', 'env': OrderedDict([('LESSOPEN', '| /usr/bin/lesspipe %s'), ('USER', 'carlos'), ('XDG_SESSION_TYPE', 'wayland'), ('SHLVL', '1'), ('LD_LIBRARY_PATH', '/home/carlos/introrob_ws/install/teleop_tools_msgs/lib:/home/carlos/introrob_ws/install/kobuki_node/lib:/home/carlos/introrob_ws/install/kobuki_auto_docking/lib:/home/carlos/introrob_ws/install/kobuki_core/lib:/home/carlos/introrob_ws/install/ecl_statistics/lib:/home/carlos/introrob_ws/install/ecl_mobile_robot/lib:/home/carlos/introrob_ws/install/ecl_manipulators/lib:/home/carlos/introrob_ws/install/ecl_geometry/lib:/home/carlos/introrob_ws/install/ecl_linear_algebra/lib:/home/carlos/introrob_ws/install/rplidar_ros/lib:/home/carlos/introrob_ws/install/play_motion2/lib:/home/carlos/introrob_ws/install/play_motion2_msgs/lib:/home/carlos/introrob_ws/install/openni2_camera/lib:/home/carlos/introrob_ws/install/openni2_camera_msgs/lib:/home/carlos/introrob_ws/install/laser_filters/lib:/home/carlos/introrob_ws/install/kobuki_safety_controller/lib:/home/carlos/introrob_ws/install/kobuki_random_walker/lib:/home/carlos/introrob_ws/install/kobuki_keyop/lib:/home/carlos/introrob_ws/install/kobuki_bumper2pc/lib:/home/carlos/introrob_ws/install/kobuki_ros_interfaces/lib:/home/carlos/introrob_ws/install/ecl_streams/lib:/home/carlos/introrob_ws/install/ecl_ipc/lib:/home/carlos/introrob_ws/install/ecl_devices/lib:/home/carlos/introrob_ws/install/ecl_threads/lib:/home/carlos/introrob_ws/install/ecl_formatters/lib:/home/carlos/introrob_ws/install/ecl_type_traits/lib:/home/carlos/introrob_ws/install/ecl_time/lib:/home/carlos/introrob_ws/install/ecl_time_lite/lib:/home/carlos/introrob_ws/install/ecl_io/lib:/home/carlos/introrob_ws/install/ecl_filesystem/lib:/home/carlos/introrob_ws/install/ecl_exceptions/lib:/home/carlos/introrob_ws/install/ecl_errors/lib:/home/carlos/introrob_ws/install/astra_camera/lib:/home/carlos/introrob_ws/install/astra_camera_msgs/lib:/usr/lib/x86_64-linux-gnu/gazebo-11/plugins:/opt/ros/humble/opt/rviz_ogre_vendor/lib:/opt/ros/humble/lib/x86_64-linux-gnu:/opt/ros/humble/lib:/usr/share/gazebo/../../lib/x86_64-linux-gnu/gazebo-11/plugins:'), ('HOME', '/home/carlos'), ('OLDPWD', '/home/carlos/introrob_ws/src'), ('DESKTOP_SESSION', 'ubuntu'), ('GAZEBO_MASTER_URI', 'http://localhost:11345'), ('ROS_PYTHON_VERSION', '3'), ('GNOME_SHELL_SESSION_MODE', 'ubuntu'), ('GTK_MODULES', 'gail:atk-bridge'), ('SYSTEMD_EXEC_PID', '981'), ('DBUS_SESSION_BUS_ADDRESS', 'unix:path=/run/user/1000/bus'), ('COLORTERM', 'truecolor'), ('IM_CONFIG_PHASE', '1'), ('WAYLAND_DISPLAY', 'wayland-0'), ('COLCON_PREFIX_PATH', '/home/carlos/introrob_ws/install'), ('ROS_DISTRO', 'humble'), ('LOGNAME', 'carlos'), ('_', '/usr/bin/colcon'), ('ROS_VERSION', '2'), ('PKG_CONFIG_PATH', '/home/carlos/introrob_ws/install/sophus/lib/x86_64-linux-gnu/pkgconfig:/home/carlos/introrob_ws/install/sophus/lib/pkgconfig'), ('XDG_SESSION_CLASS', 'user'), ('USERNAME', 'carlos'), ('TERM', 'xterm-256color'), ('GAZEBO_MODEL_PATH', '/home/carlos/introrob_ws/install/aws_robomaker_small_warehouse_world/share/aws_robomaker_small_warehouse_world/worlds:/home/carlos/introrob_ws/install/aws_robomaker_small_warehouse_world/share/aws_robomaker_small_warehouse_world/models:/usr/share/gazebo/../../share/gazebo-11/models:'), ('GNOME_DESKTOP_SESSION_ID', 'this-is-deprecated'), ('ROS_LOCALHOST_ONLY', '0'), ('OGRE_RESOURCE_PATH', '/usr/lib/x86_64-linux-gnu/OGRE-1.9.0'), ('PATH', '/home/carlos/introrob_ws/install/kobuki_core/bin:/home/carlos/introrob_ws/install/ecl_core_apps/bin:/home/carlos/introrob_ws/install/ecl_type_traits/bin:/home/carlos/introrob_ws/install/ecl_config/bin:/opt/ros/humble/bin:/usr/local/sbin:/usr/local/bin:/usr/sbin:/usr/bin:/sbin:/bin:/usr/games:/usr/local/games:/snap/bin:/snap/bin'), ('SESSION_MANAGER', 'local/carlos-SVF1521Q6EW:@/tmp/.ICE-unix/961,unix/carlos-SVF1521Q6EW:/tmp/.ICE-unix/961'), ('XDG_MENU_PREFIX', 'gnome-'), ('GNOME_TERMINAL_SCREEN', '/org/gnome/Terminal/screen/18eff961_445e_4acb_a2af_267e9c6e1be7'), ('GNOME_SETUP_DISPLAY', ':1'), ('XDG_RUNTIME_DIR', '/run/user/1000'), ('DISPLAY', ':0'), ('LANG', 'en_US.UTF-8'), ('XDG_CURRENT_DESKTOP', 'ubuntu:GNOME'), ('XMODIFIERS', '@im=ibus'), ('XDG_SESSION_DESKTOP', 'ubuntu'), ('XAUTHORITY', '/run/user/1000/.mutter-Xwaylandauth.C1H411'), ('LS_COLORS', 'rs=0:di=01;34:ln=01;36:mh=00:pi=40;33:so=01;35:do=01;35:bd=40;33;01:cd=40;33;01:or=40;31;01:mi=00:su=37;41:sg=30;43:ca=30;41:tw=30;42:ow=34;42:st=37;44:ex=01;32:*.tar=01;31:*.tgz=01;31:*.arc=01;31:*.arj=01;31:*.taz=01;31:*.lha=01;31:*.lz4=01;31:*.lzh=01;31:*.lzma=01;31:*.tlz=01;31:*.txz=01;31:*.tzo=01;31:*.t7z=01;31:*.zip=01;31:*.z=01;31:*.dz=01;31:*.gz=01;31:*.lrz=01;31:*.lz=01;31:*.lzo=01;31:*.xz=01;31:*.zst=01;31:*.tzst=01;31:*.bz2=01;31:*.bz=01;31:*.tbz=01;31:*.tbz2=01;31:*.tz=01;31:*.deb=01;31:*.rpm=01;31:*.jar=01;31:*.war=01;31:*.ear=01;31:*.sar=01;31:*.rar=01;31:*.alz=01;31:*.ace=01;31:*.zoo=01;31:*.cpio=01;31:*.7z=01;31:*.rz=01;31:*.cab=01;31:*.wim=01;31:*.swm=01;31:*.dwm=01;31:*.esd=01;31:*.jpg=01;35:*.jpeg=01;35:*.mjpg=01;35:*.mjpeg=01;35:*.gif=01;35:*.bmp=01;35:*.pbm=01;35:*.pgm=01;35:*.ppm=01;35:*.tga=01;35:*.xbm=01;35:*.xpm=01;35:*.tif=01;35:*.tiff=01;35:*.png=01;35:*.svg=01;35:*.svgz=01;35:*.mng=01;35:*.pcx=01;35:*.mov=01;35:*.mpg=01;35:*.mpeg=01;35:*.m2v=01;35:*.mkv=01;35:*.webm=01;35:*.webp=01;35:*.ogm=01;35:*.mp4=01;35:*.m4v=01;35:*.mp4v=01;35:*.vob=01;35:*.qt=01;35:*.nuv=01;35:*.wmv=01;35:*.asf=01;35:*.rm=01;35:*.rmvb=01;35:*.flc=01;35:*.avi=01;35:*.fli=01;35:*.flv=01;35:*.gl=01;35:*.dl=01;35:*.xcf=01;35:*.xwd=01;35:*.yuv=01;35:*.cgm=01;35:*.emf=01;35:*.ogv=01;35:*.ogx=01;35:*.aac=00;36:*.au=00;36:*.flac=00;36:*.m4a=00;36:*.mid=00;36:*.midi=00;36:*.mka=00;36:*.mp3=00;36:*.mpc=00;36:*.ogg=00;36:*.ra=00;36:*.wav=00;36:*.oga=00;36:*.opus=00;36:*.spx=00;36:*.xspf=00;36:'), ('GNOME_TERMINAL_SERVICE', ':1.95'), ('SSH_AGENT_LAUNCHER', 'gnome-keyring'), ('SSH_AUTH_SOCK', '/run/user/1000/keyring/ssh'), ('AMENT_PREFIX_PATH', '/home/carlos/introrob_ws/install/urdf_test:/home/carlos/introrob_ws/install/tiago_simulation:/home/carlos/introrob_ws/install/tiago_robot:/home/carlos/introrob_ws/install/tiago_navigation:/home/carlos/introrob_ws/install/tiago_gazebo:/home/carlos/introrob_ws/install/tiago_moveit_config:/home/carlos/introrob_ws/install/tiago_bringup:/home/carlos/introrob_ws/install/tiago_description:/home/carlos/introrob_ws/install/tiago_controller_configuration:/home/carlos/introrob_ws/install/tiago_2dnav:/home/carlos/introrob_ws/install/teleop_tools:/home/carlos/introrob_ws/install/pmb2_robot:/home/carlos/introrob_ws/install/pmb2_bringup:/home/carlos/introrob_ws/install/joy_teleop:/home/carlos/introrob_ws/install/teleop_tools_msgs:/home/carlos/introrob_ws/install/kobuki_ros:/home/carlos/introrob_ws/install/kobuki_node:/home/carlos/introrob_ws/install/kobuki_auto_docking:/home/carlos/introrob_ws/install/kobuki_core:/home/carlos/introrob_ws/install/ecl_core:/home/carlos/introrob_ws/install/ecl_statistics:/home/carlos/introrob_ws/install/ecl_mobile_robot:/home/carlos/introrob_ws/install/ecl_manipulators:/home/carlos/introrob_ws/install/ecl_core_apps:/home/carlos/introrob_ws/install/ecl_geometry:/home/carlos/introrob_ws/install/ecl_linear_algebra:/home/carlos/introrob_ws/install/rplidar_ros:/home/carlos/introrob_ws/install/pmb2_navigation:/home/carlos/introrob_ws/install/pmb2_2dnav:/home/carlos/introrob_ws/install/pmb2_maps:/home/carlos/introrob_ws/install/pmb2_description:/home/carlos/introrob_ws/install/pmb2_controller_configuration:/home/carlos/introrob_ws/install/play_motion2:/home/carlos/introrob_ws/install/play_motion2_msgs:/home/carlos/introrob_ws/install/pal_gripper:/home/carlos/introrob_ws/install/pal_gripper_description:/home/carlos/introrob_ws/install/pal_gripper_controller_configuration:/home/carlos/introrob_ws/install/pal_gazebo_worlds:/home/carlos/introrob_ws/install/openni2_camera:/home/carlos/introrob_ws/install/openni2_camera_msgs:/home/carlos/introrob_ws/install/mouse_teleop:/home/carlos/introrob_ws/install/launch_pal:/home/carlos/introrob_ws/install/laser_filters:/home/carlos/introrob_ws/install/kobuki_safety_controller:/home/carlos/introrob_ws/install/kobuki_random_walker:/home/carlos/introrob_ws/install/kobuki_keyop:/home/carlos/introrob_ws/install/kobuki_bumper2pc:/home/carlos/introrob_ws/install/bumpstop:/home/carlos/introrob_ws/install/kobuki_ros_interfaces:/home/carlos/introrob_ws/install/kobuki_ftdi:/home/carlos/introrob_ws/install/kobuki_description:/home/carlos/introrob_ws/install/key_teleop:/home/carlos/introrob_ws/install/ir_robots:/home/carlos/introrob_ws/install/hey5_description:/home/carlos/introrob_ws/install/ecl_streams:/home/carlos/introrob_ws/install/ecl_sigslots:/home/carlos/introrob_ws/install/ecl_ipc:/home/carlos/introrob_ws/install/ecl_devices:/home/carlos/introrob_ws/install/ecl_threads:/home/carlos/introrob_ws/install/ecl_containers:/home/carlos/introrob_ws/install/ecl_utilities:/home/carlos/introrob_ws/install/ecl_math:/home/carlos/introrob_ws/install/ecl_formatters:/home/carlos/introrob_ws/install/ecl_converters:/home/carlos/introrob_ws/install/ecl_concepts:/home/carlos/introrob_ws/install/ecl_type_traits:/home/carlos/introrob_ws/install/ecl_time:/home/carlos/introrob_ws/install/ecl_lite:/home/carlos/introrob_ws/install/ecl_time_lite:/home/carlos/introrob_ws/install/ecl_sigslots_lite:/home/carlos/introrob_ws/install/ecl_mpl:/home/carlos/introrob_ws/install/ecl_io:/home/carlos/introrob_ws/install/ecl_filesystem:/home/carlos/introrob_ws/install/ecl_exceptions:/home/carlos/introrob_ws/install/ecl_errors:/home/carlos/introrob_ws/install/ecl_eigen:/home/carlos/introrob_ws/install/ecl_converters_lite:/home/carlos/introrob_ws/install/ecl_console:/home/carlos/introrob_ws/install/ecl_config:/home/carlos/introrob_ws/install/ecl_command_line:/home/carlos/introrob_ws/install/aws_robomaker_small_warehouse_world:/home/carlos/introrob_ws/install/aws_robomaker_small_house_world:/home/carlos/introrob_ws/install/aws_robomaker_racetrack_world:/home/carlos/introrob_ws/install/aws_robomaker_hospital_world:/home/carlos/introrob_ws/install/aws_robomaker_bookstore_world:/home/carlos/introrob_ws/install/astra_camera:/home/carlos/introrob_ws/install/astra_camera_msgs:/opt/ros/humble'), ('SHELL', '/bin/bash'), ('QT_ACCESSIBILITY', '1'), ('GDMSESSION', 'ubuntu'), ('LESSCLOSE', '/usr/bin/lesspipe %s %s'), ('GAZEBO_RESOURCE_PATH', '/usr/share/gazebo/../../share/gazebo-11:'), ('GAZEBO_MODEL_DATABASE_URI', 'http://models.gazebosim.org'), ('QT_IM_MODULE', 'ibus'), ('PWD', '/home/carlos/introrob_ws/src/bumpstop/build/bumpstop'), ('LC_ALL', 'en_US.UTF-8'), ('XDG_CONFIG_DIRS', '/etc/xdg/xdg-ubuntu:/etc/xdg'), ('GAZEBO_PLUGIN_PATH', '/usr/share/gazebo/../../lib/x86_64-linux-gnu/gazebo-11/plugins:'), ('XDG_DATA_DIRS', '/usr/share/ubuntu:/usr/local/share/:/usr/share/:/var/lib/snapd/desktop'), ('PYTHONPATH', '/home/carlos/introrob_ws/install/urdf_test/local/lib/python3.10/dist-packages:/home/carlos/introrob_ws/install/tiago_description/local/lib/python3.10/dist-packages:/home/carlos/introrob_ws/build/joy_teleop:/home/carlos/introrob_ws/install/joy_teleop/lib/python3.10/site-packages:/home/carlos/introrob_ws/install/teleop_tools_msgs/local/lib/python3.10/dist-packages:/home/carlos/introrob_ws/install/pmb2_description/local/lib/python3.10/dist-packages:/home/carlos/introrob_ws/install/play_motion2_msgs/local/lib/python3.10/dist-packages:/home/carlos/introrob_ws/install/openni2_camera_msgs/local/lib/python3.10/dist-packages:/home/carlos/introrob_ws/build/mouse_teleop:/home/carlos/introrob_ws/install/mouse_teleop/lib/python3.10/site-packages:/home/carlos/introrob_ws/build/launch_pal:/home/carlos/introrob_ws/install/launch_pal/lib/python3.10/site-packages:/home/carlos/introrob_ws/install/kobuki_ros_interfaces/local/lib/python3.10/dist-packages:/home/carlos/introrob_ws/build/key_teleop:/home/carlos/introrob_ws/install/key_teleop/lib/python3.10/site-packages:/home/carlos/introrob_ws/install/astra_camera_msgs/local/lib/python3.10/dist-packages:/opt/ros/humble/lib/python3.10/site-packages:/opt/ros/humble/local/lib/python3.10/dist-packages'), ('COLCON', '1'), ('VTE_VERSION', '6800'), ('CMAKE_PREFIX_PATH', '/home/carlos/introrob_ws/install/urdf_test:/home/carlos/introrob_ws/install/tiago_simulation:/home/carlos/introrob_ws/install/tiago_robot:/home/carlos/introrob_ws/install/tiago_navigation:/home/carlos/introrob_ws/install/tiago_gazebo:/home/carlos/introrob_ws/install/tiago_moveit_config:/home/carlos/introrob_ws/install/tiago_bringup:/home/carlos/introrob_ws/install/tiago_description:/home/carlos/introrob_ws/install/tiago_controller_configuration:/home/carlos/introrob_ws/install/tiago_2dnav:/home/carlos/introrob_ws/install/teleop_tools:/home/carlos/introrob_ws/install/pmb2_robot:/home/carlos/introrob_ws/install/pmb2_bringup:/home/carlos/introrob_ws/install/teleop_tools_msgs:/home/carlos/introrob_ws/install/kobuki_ros:/home/carlos/introrob_ws/install/kobuki_node:/home/carlos/introrob_ws/install/kobuki_auto_docking:/home/carlos/introrob_ws/install/kobuki_core:/home/carlos/introrob_ws/install/ecl_core:/home/carlos/introrob_ws/install/ecl_statistics:/home/carlos/introrob_ws/install/ecl_mobile_robot:/home/carlos/introrob_ws/install/ecl_manipulators:/home/carlos/introrob_ws/install/ecl_core_apps:/home/carlos/introrob_ws/install/ecl_geometry:/home/carlos/introrob_ws/install/ecl_linear_algebra:/home/carlos/introrob_ws/install/sophus:/home/carlos/introrob_ws/install/rplidar_ros:/home/carlos/introrob_ws/install/pmb2_navigation:/home/carlos/introrob_ws/install/pmb2_2dnav:/home/carlos/introrob_ws/install/pmb2_maps:/home/carlos/introrob_ws/install/pmb2_description:/home/carlos/introrob_ws/install/pmb2_controller_configuration:/home/carlos/introrob_ws/install/play_motion2:/home/carlos/introrob_ws/install/play_motion2_msgs:/home/carlos/introrob_ws/install/pal_gripper:/home/carlos/introrob_ws/install/pal_gripper_description:/home/carlos/introrob_ws/install/pal_gripper_controller_configuration:/home/carlos/introrob_ws/install/pal_gazebo_worlds:/home/carlos/introrob_ws/install/openni2_camera:/home/carlos/introrob_ws/install/openni2_camera_msgs:/home/carlos/introrob_ws/install/laser_filters:/home/carlos/introrob_ws/install/kobuki_safety_controller:/home/carlos/introrob_ws/install/kobuki_random_walker:/home/carlos/introrob_ws/install/kobuki_keyop:/home/carlos/introrob_ws/install/kobuki_bumper2pc:/home/carlos/introrob_ws/install/bumpstop:/home/carlos/introrob_ws/install/kobuki_ros_interfaces:/home/carlos/introrob_ws/install/kobuki_ftdi:/home/carlos/introrob_ws/install/kobuki_description:/home/carlos/introrob_ws/install/ir_robots:/home/carlos/introrob_ws/install/hey5_description:/home/carlos/introrob_ws/install/ecl_streams:/home/carlos/introrob_ws/install/ecl_sigslots:/home/carlos/introrob_ws/install/ecl_ipc:/home/carlos/introrob_ws/install/ecl_devices:/home/carlos/introrob_ws/install/ecl_threads:/home/carlos/introrob_ws/install/ecl_containers:/home/carlos/introrob_ws/install/ecl_utilities:/home/carlos/introrob_ws/install/ecl_math:/home/carlos/introrob_ws/install/ecl_formatters:/home/carlos/introrob_ws/install/ecl_converters:/home/carlos/introrob_ws/install/ecl_concepts:/home/carlos/introrob_ws/install/ecl_type_traits:/home/carlos/introrob_ws/install/ecl_time:/home/carlos/introrob_ws/install/ecl_lite:/home/carlos/introrob_ws/install/ecl_time_lite:/home/carlos/introrob_ws/install/ecl_sigslots_lite:/home/carlos/introrob_ws/install/ecl_mpl:/home/carlos/introrob_ws/install/ecl_io:/home/carlos/introrob_ws/install/ecl_filesystem:/home/carlos/introrob_ws/install/ecl_exceptions:/home/carlos/introrob_ws/install/ecl_errors:/home/carlos/introrob_ws/install/ecl_eigen:/home/carlos/introrob_ws/install/ecl_converters_lite:/home/carlos/introrob_ws/install/ecl_console:/home/carlos/introrob_ws/install/ecl_config:/home/carlos/introrob_ws/install/ecl_command_line:/home/carlos/introrob_ws/install/aws_robomaker_small_warehouse_world:/home/carlos/introrob_ws/install/aws_robomaker_small_house_world:/home/carlos/introrob_ws/install/aws_robomaker_racetrack_world:/home/carlos/introrob_ws/install/aws_robomaker_hospital_world:/home/carlos/introrob_ws/install/aws_robomaker_bookstore_world:/home/carlos/introrob_ws/install/astra_camera:/home/carlos/introrob_ws/install/astra_camera_msgs:/home/carlos/introrob_ws/install/joy_teleop:/home/carlos/introrob_ws/install/mouse_teleop:/home/carlos/introrob_ws/install/launch_pal:/home/carlos/introrob_ws/install/key_teleop:/opt/ros/humble')]), 'shell': False}
[0.097963] (-) TimerEvent: {}
[0.198442] (-) TimerEvent: {}
[0.275945] (bumpstop) StdoutLine: {'line': b'-- The C compiler identification is GNU 11.3.0\n'}
[0.298569] (-) TimerEvent: {}
[0.398917] (-) TimerEvent: {}
[0.444099] (bumpstop) StdoutLine: {'line': b'-- The CXX compiler identification is GNU 11.3.0\n'}
[0.461378] (bumpstop) StdoutLine: {'line': b'-- Detecting C compiler ABI info\n'}
[0.499031] (-) TimerEvent: {}
[0.588627] (bumpstop) StdoutLine: {'line': b'-- Detecting C compiler ABI info - done\n'}
[0.599116] (-) TimerEvent: {}
[0.604537] (bumpstop) StdoutLine: {'line': b'-- Check for working C compiler: /usr/bin/cc - skipped\n'}
[0.605243] (bumpstop) StdoutLine: {'line': b'-- Detecting C compile features\n'}
[0.606487] (bumpstop) StdoutLine: {'line': b'-- Detecting C compile features - done\n'}
[0.612771] (bumpstop) StdoutLine: {'line': b'-- Detecting CXX compiler ABI info\n'}
[0.699272] (-) TimerEvent: {}
[0.764775] (bumpstop) StdoutLine: {'line': b'-- Detecting CXX compiler ABI info - done\n'}
[0.780279] (bumpstop) StdoutLine: {'line': b'-- Check for working CXX compiler: /usr/bin/c++ - skipped\n'}
[0.780842] (bumpstop) StdoutLine: {'line': b'-- Detecting CXX compile features\n'}
[0.781670] (bumpstop) StdoutLine: {'line': b'-- Detecting CXX compile features - done\n'}
[0.799450] (-) TimerEvent: {}
[0.810131] (bumpstop) StdoutLine: {'line': b'-- Found ament_cmake: 1.3.3 (/opt/ros/humble/share/ament_cmake/cmake)\n'}
[0.899570] (-) TimerEvent: {}
[0.961121] (bumpstop) CommandEnded: {'returncode': -2}
[0.965833] (bumpstop) StderrLine: {'line': b'Traceback (most recent call last):\n  File "/usr/lib/python3/dist-packages/colcon_parallel_executor/executor/parallel.py", line 67, in execute\n    loop.run_until_complete(future)\n  File "/usr/lib/python3.10/asyncio/base_events.py", line 633, in run_until_complete\n    self.run_forever()\n  File "/usr/lib/python3.10/asyncio/base_events.py", line 600, in run_forever\n    self._run_once()\n  File "/usr/lib/python3.10/asyncio/base_events.py", line 1860, in _run_once\n    event_list = self._selector.select(timeout)\n  File "/usr/lib/python3.10/selectors.py", line 469, in select\n    fd_event_list = self._selector.poll(timeout, max_ev)\nKeyboardInterrupt\n\nDuring handling of the above exception, another exception occurred:\n\nTraceback (most recent call last):\n  File "/usr/lib/python3/dist-packages/colcon_core/executor/__init__.py", line 91, in __call__\n    rc = await self.task(*args, **kwargs)\n  File "/usr/lib/python3/dist-packages/colcon_core/task/__init__.py", line 93, in __call__\n    return await task_method(*args, **kwargs)\n  File "/usr/lib/python3/dist-packages/colcon_ros/task/ament_cmake/build.py", line 59, in build\n    rc = await extension.build(\n  File "/usr/lib/python3/dist-packages/colcon_cmake/task/cmake/build.py", line 87, in build\n    rc = await self._reconfigure(args, env)\n  File "/usr/lib/python3/dist-packages/colcon_cmake/task/cmake/build.py", line 182, in _reconfigure\n    buildfile = get_buildfile(cmake_cache)\n  File "/usr/lib/python3/dist-packages/colcon_cmake/task/cmake/__init__.py", line 112, in get_buildfile\n    if \'Ninja\' in generator:\nTypeError: argument of type \'NoneType\' is not iterable\n'}
[0.966056] (bumpstop) JobEnded: {'identifier': 'bumpstop', 'rc': 'SIGINT'}
[0.976809] (-) EventReactorShutdown: {}
